********************************************************************************
DUPLICATOR-LITE PACKAGE-LOG: 27 de November de 2020 06:44
NOTICE: Do NOT post to public sites or forums 
********************************************************************************
VERSION:	1.3.40
WORDPRESS:	5.5.3
PHP INFO:	7.4.12 | SAPI: apache2handler
SERVER:		Apache/2.4.46 (Win64) OpenSSL/1.1.1h PHP/7.4.12 
PHP TIME LIMIT: (0) no time limit imposed 
PHP MAX MEMORY: 4294967296 (512M default) 
MEMORY STACK: 16MB

********************************************************************************
DATABASE:
********************************************************************************
BUILD MODE:   MYSQLDUMP
MYSQLTIMEOUT: 5000
MYSQLDUMP:    Is Supported
SQL CREATED: pupti_v1_d4c806d85ddc179f7693_20201127064350_database.sql
SQL FILE SIZE: 5.31MB (5566620)
SQL FILE TIME: 2020-11-27 06:44:29
SQL RUNTIME: 21.70 sec.

********************************************************************************
ARCHIVE (ZIP):
********************************************************************************
ARCHIVE DIR:  C:/xampp/htdocs/pupti
ARCHIVE FILE: pupti_v1_d4c806d85ddc179f7693_20201127064350_archive.zip
FILTERS: *OFF*
DIRS:
	not set
FILES:
	not set
EXTS:  not set
----------------------------------------
COMPRESSING
SIZE:	122.1MB
STATS:	Dirs 1,128 | Files 7,338
SQL ADDED: pupti_v1_d4c806d85ddc179f7693_20201127064350_database.sql
ZipArchive Object
(
    [status] => 0
    [statusSys] => 0
    [numFiles] => 8466
    [filename] => C:\xampp\htdocs\pupti\wp-content\backups-dup-lite\tmp\pupti_v1_d4c806d85ddc179f7693_20201127064350_archive.zip
    [comment] => 
)

FILE ADDED TO ZIP: 8465
COMPRESSION RESULT: '1'
COMPRESSED SIZE: 42.19MB
ARCHIVE RUNTIME: 136.70 sec.
MEMORY STACK: 18MB
building installer
add_extra_files1
add_extra_files2
add_extra_files3
add_extra_files4
Doing archive file check
add_extra_files5
add_extra_files6
add_extra_files8
Successfully opened zip C:/xampp/htdocs/pupti/wp-content/backups-dup-lite/tmp/pupti_v1_d4c806d85ddc179f7693_20201127064350_archive.zip
Adding enhanced installer files to archive using ZipArchive
Installer files added to archive
Added to archive
After ziparchive close when adding installer

********************************************************************************
INTEGRITY CHECKS:
********************************************************************************
SQL FILE: 5.31MB
INSTALLER FILE: 61.31KB
ARCHIVE FILE: 43.72MB 
EXPECTED FILE/DIRECTORY COUNT: 8,466
ACTUAL FILE/DIRECTORY COUNT: 8,465
ARCHIVE CONSISTENCY TEST: Pass

********************************************************************************
RECORD ID:[1]
TOTAL PROCESS RUNTIME: 161.33 sec.
PEAK PHP MEMORY USED: 20MB
DONE PROCESSING => pupti_v1 27 de November de 2020 06:46

